2019-10-14 14:44:01,988  INFO [main] Config files:58 - DriverInitiated
2019-10-14 14:44:08,449  INFO [main] log4j:27 - URL opens
2019-10-14 14:44:12,650  INFO [main] log4j:27 - Browser Maximized
2019-10-14 14:44:12,663  INFO [main] log4j:27 - Dropdown method starts to perform
2019-10-14 14:44:12,691  INFO [main] log4j:27 - Entering text into text box
2019-10-14 14:45:31,427  INFO [main] Config files:58 - DriverInitiated
2019-10-14 14:45:42,251  INFO [main] log4j:27 - URL opens
2019-10-14 14:45:46,584  INFO [main] log4j:27 - Browser Maximized
2019-10-14 14:45:46,593  INFO [main] log4j:27 - Dropdown method starts to perform
2019-10-14 14:45:46,621  INFO [main] log4j:27 - Entering text into text box
2019-10-14 14:47:45,900  INFO [main] Config files:57 - DriverInitiated
2019-10-14 14:47:52,134  INFO [main] log4j:27 - URL opens
2019-10-14 14:47:56,334  INFO [main] log4j:27 - Browser Maximized
2019-10-14 14:48:15,384  INFO [main] log4j:27 - Dropdown method starts to perform
2019-10-14 14:48:15,434  INFO [main] log4j:27 - Entering text into text box
2019-10-14 14:51:36,768  INFO [main] Config files:57 - DriverInitiated
2019-10-14 14:51:42,505  INFO [main] log4j:27 - URL opens
2019-10-14 14:51:46,701  INFO [main] log4j:27 - Browser Maximized
2019-10-14 14:51:46,713  INFO [main] log4j:27 - Dropdown method starts to perform
2019-10-14 14:51:46,748  INFO [main] log4j:27 - Entering text into text box
2019-10-14 14:52:42,983  INFO [main] Config files:57 - DriverInitiated
2019-10-14 14:52:49,624  INFO [main] log4j:27 - URL opens
2019-10-14 14:52:53,815  INFO [main] log4j:27 - Browser Maximized
2019-10-14 14:52:53,827  INFO [main] log4j:27 - Dropdown method starts to perform
2019-10-14 14:52:53,867  INFO [main] log4j:27 - Entering text into text box
2019-10-14 14:54:32,049  INFO [main] Config files:57 - DriverInitiated
2019-10-14 14:54:38,816  INFO [main] log4j:27 - URL opens
2019-10-14 14:54:43,000  INFO [main] log4j:27 - Browser Maximized
2019-10-14 14:54:43,012  INFO [main] log4j:27 - Dropdown method starts to perform
2019-10-14 14:54:43,048  INFO [main] log4j:27 - Entering text into text box
2019-10-14 14:55:47,177  INFO [main] Config files:57 - DriverInitiated
2019-10-14 14:55:53,708  INFO [main] log4j:27 - URL opens
2019-10-14 14:55:57,894  INFO [main] log4j:27 - Browser Maximized
2019-10-14 14:55:57,906  INFO [main] log4j:27 - Dropdown method starts to perform
2019-10-14 14:55:57,938  INFO [main] log4j:27 - Entering text into text box
2019-10-14 14:58:27,828  INFO [main] Config files:57 - DriverInitiated
2019-10-14 14:58:34,360  INFO [main] log4j:27 - URL opens
2019-10-14 14:58:38,543  INFO [main] log4j:27 - Browser Maximized
2019-10-14 14:58:38,557  INFO [main] log4j:27 - Dropdown method starts to perform
2019-10-14 14:58:38,589  INFO [main] log4j:27 - Entering text into text box
2019-10-14 15:00:20,673  INFO [main] Config files:57 - DriverInitiated
2019-10-14 15:00:25,509  INFO [main] log4j:27 - URL opens
2019-10-14 15:00:29,717  INFO [main] log4j:27 - Browser Maximized
2019-10-14 15:00:29,728  INFO [main] log4j:27 - Dropdown method starts to perform
2019-10-14 15:00:29,756  INFO [main] log4j:27 - Enter correct locator
2019-10-14 15:01:20,158  INFO [main] Config files:57 - DriverInitiated
2019-10-14 15:01:25,916  INFO [main] log4j:27 - URL opens
2019-10-14 15:01:30,144  INFO [main] log4j:27 - Browser Maximized
2019-10-14 15:01:30,148  INFO [main] log4j:27 - Dropdown method starts to perform
2019-10-14 15:02:45,297  INFO [main] Config files:57 - DriverInitiated
2019-10-14 15:03:01,652  INFO [main] log4j:27 - URL opens
2019-10-14 15:03:05,834  INFO [main] log4j:27 - Browser Maximized
2019-10-14 15:03:05,847  INFO [main] log4j:27 - Dropdown method starts to perform
2019-10-14 15:04:27,093  INFO [main] Config files:57 - DriverInitiated
2019-10-14 15:04:33,251  INFO [main] log4j:27 - URL opens
2019-10-14 15:04:37,534  INFO [main] log4j:27 - Browser Maximized
2019-10-14 15:04:37,551  INFO [main] log4j:27 - Dropdown method starts to perform
2019-10-14 15:05:52,991  INFO [main] Config files:57 - DriverInitiated
2019-10-14 15:05:57,821  INFO [main] log4j:27 - URL opens
2019-10-14 15:06:02,090  INFO [main] log4j:27 - Browser Maximized
2019-10-14 15:06:02,101  INFO [main] log4j:27 - Dropdown method starts to perform
2019-10-14 15:09:38,941  INFO [main] Config files:57 - DriverInitiated
2019-10-14 15:09:44,977  INFO [main] log4j:27 - URL opens
2019-10-14 15:09:49,217  INFO [main] log4j:27 - Browser Maximized
2019-10-14 15:09:49,226  INFO [main] log4j:27 - Dropdown method starts to perform
2019-10-14 15:12:19,918  INFO [main] Config files:57 - DriverInitiated
2019-10-14 15:12:24,833  INFO [main] log4j:27 - URL opens
2019-10-14 15:12:29,082  INFO [main] log4j:27 - Browser Maximized
2019-10-14 15:12:29,095  INFO [main] log4j:27 - Dropdown method starts to perform
2019-10-14 15:13:38,146  INFO [main] Config files:57 - DriverInitiated
2019-10-14 15:13:43,118  INFO [main] log4j:27 - URL opens
2019-10-14 15:13:47,291  INFO [main] log4j:27 - Browser Maximized
2019-10-14 15:13:47,303  INFO [main] log4j:27 - Click is progressed
2019-10-14 15:23:01,202  INFO [main] Config files:57 - DriverInitiated
2019-10-14 15:23:22,639  INFO [main] Config files:57 - DriverInitiated
2019-10-14 15:24:00,483  INFO [main] Config files:57 - DriverInitiated
2019-10-14 15:24:49,179  INFO [main] Config files:57 - DriverInitiated
2019-10-14 15:24:54,497  INFO [main] log4j:27 - URL opens
2019-10-14 15:24:58,676  INFO [main] log4j:27 - Browser Maximized
2019-10-14 15:24:58,688  INFO [main] log4j:27 - Dropdown method starts to perform
2019-10-14 15:25:53,079  INFO [main] Config files:57 - DriverInitiated
2019-10-14 15:25:59,450  INFO [main] log4j:27 - URL opens
2019-10-14 15:26:03,631  INFO [main] log4j:27 - Browser Maximized
2019-10-14 15:26:03,648  INFO [main] log4j:27 - Click is progressed
2019-10-14 15:30:26,865  INFO [main] Config files:57 - DriverInitiated
2019-10-14 15:30:32,319  INFO [main] log4j:27 - URL opens
2019-10-14 15:30:36,526  INFO [main] log4j:27 - Browser Maximized
2019-10-14 15:30:36,535  INFO [main] log4j:27 - Click is progressed
2019-10-14 15:31:19,074  INFO [main] Config files:57 - DriverInitiated
2019-10-14 15:31:27,708  INFO [main] log4j:27 - URL opens
2019-10-14 15:31:31,927  INFO [main] log4j:27 - Browser Maximized
2019-10-14 15:31:31,941  INFO [main] log4j:27 - Click is progressed
2019-10-14 15:31:59,802  INFO [main] Config files:57 - DriverInitiated
2019-10-14 15:32:05,173  INFO [main] log4j:27 - URL opens
2019-10-14 15:32:09,384  INFO [main] log4j:27 - Browser Maximized
2019-10-14 15:32:09,398  INFO [main] log4j:27 - Dropdown method starts to perform
2019-10-14 15:33:41,264  INFO [main] Config files:57 - DriverInitiated
2019-10-14 15:33:47,933  INFO [main] log4j:27 - URL opens
2019-10-14 15:33:52,128  INFO [main] log4j:27 - Browser Maximized
2019-10-14 15:33:52,139  INFO [main] log4j:27 - Dropdown method starts to perform
2019-10-14 15:35:29,152  INFO [main] Config files:59 - DriverInitiated
2019-10-14 15:35:34,675  INFO [main] log4j:27 - URL opens
2019-10-14 15:35:38,875  INFO [main] log4j:27 - Browser Maximized
2019-10-14 15:35:38,885  INFO [main] log4j:27 - Dropdown method starts to perform
2019-10-14 15:40:48,682  INFO [main] Config files:59 - DriverInitiated
2019-10-14 15:41:01,079  INFO [main] log4j:27 - URL opens
2019-10-14 15:41:05,334  INFO [main] log4j:27 - Browser Maximized
2019-10-14 15:42:27,238  INFO [main] Config files:59 - DriverInitiated
2019-10-14 15:42:32,527  INFO [main] log4j:27 - URL opens
2019-10-14 15:42:36,744  INFO [main] log4j:27 - Browser Maximized
2019-10-14 15:42:36,756  INFO [main] log4j:27 - Dropdown method starts to perform
2019-10-14 15:46:58,445  INFO [main] Config files:59 - DriverInitiated
2019-10-14 15:47:05,135  INFO [main] log4j:27 - URL opens
2019-10-14 15:47:09,328  INFO [main] log4j:27 - Browser Maximized
2019-10-14 15:47:09,339  INFO [main] log4j:27 - Dropdown method starts to perform
2019-10-14 15:47:55,441  INFO [main] Config files:59 - DriverInitiated
2019-10-14 15:48:01,382  INFO [main] log4j:27 - URL opens
2019-10-14 15:48:05,593  INFO [main] log4j:27 - Browser Maximized
2019-10-14 15:48:05,605  INFO [main] log4j:27 - Dropdown method starts to perform
2019-10-14 15:49:13,093  INFO [main] Config files:59 - DriverInitiated
2019-10-14 15:49:19,876  INFO [main] log4j:27 - URL opens
2019-10-14 15:49:24,070  INFO [main] log4j:27 - Browser Maximized
2019-10-14 15:49:24,082  INFO [main] log4j:27 - Dropdown method starts to perform
2019-10-14 15:49:24,419  INFO [main] log4j:27 - Dropdown method done
2019-10-14 15:49:24,419  INFO [main] log4j:27 - Entering text into text box
2019-10-14 15:49:24,475  INFO [main] log4j:27 - Getting testdata
2019-10-14 15:49:24,919  INFO [main] log4j:27 - matrox g200 is entered
2019-10-14 15:49:24,919  INFO [main] log4j:27 - Click is progressed
2019-10-14 15:49:26,898  INFO [main] log4j:27 - click is done
2019-10-14 16:06:10,791  INFO [main] Config files:59 - DriverInitiated
2019-10-14 16:06:26,509  INFO [main] log4j:27 - URL opens
2019-10-14 16:06:30,704  INFO [main] log4j:27 - Browser Maximized
2019-10-14 16:06:30,716  INFO [main] log4j:27 - Dropdown method starts to perform
2019-10-14 16:06:31,055  INFO [main] log4j:27 - Dropdown method done
2019-10-14 16:06:31,056  INFO [main] log4j:27 - Getting testdata
2019-10-14 16:06:31,068  INFO [main] log4j:27 - Entering text into text box
2019-10-14 16:06:31,108  INFO [main] log4j:27 - Getting testdata
2019-10-14 16:06:32,005  INFO [main] log4j:27 - Column doesn't exist with given name positivevalues is entered
2019-10-14 16:06:32,005  INFO [main] log4j:27 - Click is progressed
2019-10-14 16:06:33,066  INFO [main] log4j:27 - click is done
2019-10-14 16:06:33,066  INFO [main] log4j:27 - Getting text from data
2019-10-14 16:07:52,795  INFO [main] Config files:59 - DriverInitiated
2019-10-14 16:08:03,246  INFO [main] log4j:27 - URL opens
2019-10-14 16:08:07,540  INFO [main] log4j:27 - Browser Maximized
2019-10-14 16:08:07,550  INFO [main] log4j:27 - Dropdown method starts to perform
2019-10-14 16:08:07,933  INFO [main] log4j:27 - Dropdown method done
2019-10-14 16:08:07,934  INFO [main] log4j:27 - Getting testdata
2019-10-14 16:08:07,952  INFO [main] log4j:27 - Entering text into text box
2019-10-14 16:08:07,996  INFO [main] log4j:27 - Getting testdata
2019-10-14 16:08:08,589  INFO [main] log4j:27 - matrox G200 mms is entered
2019-10-14 16:08:08,589  INFO [main] log4j:27 - Click is progressed
2019-10-14 16:08:09,856  INFO [main] log4j:27 - click is done
2019-10-14 16:08:09,856  INFO [main] log4j:27 - Getting text from data
2019-10-14 16:09:24,589  INFO [main] Config files:59 - DriverInitiated
2019-10-14 16:09:31,652  INFO [main] log4j:27 - URL opens
2019-10-14 16:09:35,850  INFO [main] log4j:27 - Browser Maximized
2019-10-14 16:09:35,864  INFO [main] log4j:27 - Dropdown method starts to perform
2019-10-14 16:09:36,202  INFO [main] log4j:27 - Dropdown method done
2019-10-14 16:09:36,202  INFO [main] log4j:27 - Getting testdata
2019-10-14 16:09:36,213  INFO [main] log4j:27 - Entering text into text box
2019-10-14 16:09:36,254  INFO [main] log4j:27 - Getting testdata
2019-10-14 16:09:36,831  INFO [main] log4j:27 - matrox G200 mms is entered
2019-10-14 16:09:36,832  INFO [main] log4j:27 - Click is progressed
2019-10-14 16:09:38,688  INFO [main] log4j:27 - click is done
2019-10-14 16:09:38,688  INFO [main] log4j:27 - Getting text from data
2019-10-14 16:40:27,839  INFO [main] Config files:59 - DriverInitiated
2019-10-14 16:40:33,842  INFO [main] log4j:27 - URL opens
2019-10-14 16:40:38,009  INFO [main] log4j:27 - Browser Maximized
2019-10-14 16:40:38,024  INFO [main] log4j:27 - Getting testdata
2019-10-14 16:40:38,048  INFO [main] log4j:27 - Dropdown method starts to perform
2019-10-14 16:40:38,412  INFO [main] log4j:27 - Dropdown method done
2019-10-14 16:40:38,413  INFO [main] log4j:27 - Entering text into text box
2019-10-14 16:40:38,464  INFO [main] log4j:27 - Getting testdata
2019-10-14 16:40:38,693  INFO [main] log4j:27 - positive value is entered
2019-10-14 16:40:38,694  INFO [main] log4j:27 - Click is progressed
2019-10-14 16:40:41,008  INFO [main] log4j:27 - click is done
2019-10-14 16:40:41,009  INFO [main] log4j:27 - Getting text from data
2019-10-14 16:55:42,444  INFO [main] Config files:59 - DriverInitiated
2019-10-14 16:55:49,176  INFO [main] log4j:27 - URL opens
2019-10-14 16:55:53,353  INFO [main] log4j:27 - Browser Maximized
2019-10-14 16:55:53,365  INFO [main] log4j:27 - Getting testdata
2019-10-14 16:55:53,382  INFO [main] log4j:27 - Dropdown method starts to perform
2019-10-14 16:55:53,726  INFO [main] log4j:27 - Dropdown method done
2019-10-14 16:55:53,726  INFO [main] log4j:27 - Entering text into text box
2019-10-14 16:55:53,776  INFO [main] log4j:27 - Getting testdata
2019-10-14 16:55:54,009  INFO [main] log4j:27 - positive value is entered
2019-10-14 16:55:54,009  INFO [main] log4j:27 - Click is progressed
2019-10-14 16:55:55,587  INFO [main] log4j:27 - click is done
2019-10-14 16:55:55,587  INFO [main] log4j:27 - Getting text from data
2019-10-14 16:57:59,660  INFO [main] Config files:59 - DriverInitiated
2019-10-14 16:58:14,061  INFO [main] log4j:27 - URL opens
2019-10-14 16:58:18,246  INFO [main] log4j:27 - Browser Maximized
2019-10-14 16:58:18,266  INFO [main] log4j:27 - Getting testdata
2019-10-14 16:58:18,282  INFO [main] log4j:27 - Dropdown method starts to perform
2019-10-14 16:58:18,581  INFO [main] log4j:27 - Dropdown method done
2019-10-14 16:58:18,581  INFO [main] log4j:27 - Entering text into text box
2019-10-14 16:58:18,620  INFO [main] log4j:27 - Getting testdata
2019-10-14 16:58:18,843  INFO [main] log4j:27 - positive value is entered
2019-10-14 16:58:18,844  INFO [main] log4j:27 - Click is progressed
2019-10-14 16:58:20,214  INFO [main] log4j:27 - click is done
2019-10-14 16:58:20,214  INFO [main] log4j:27 - Getting text from data
2019-10-14 17:00:07,209  INFO [main] Config files:59 - DriverInitiated
2019-10-14 17:00:12,342  INFO [main] log4j:27 - URL opens
2019-10-14 17:00:16,504  INFO [main] log4j:27 - Browser Maximized
2019-10-14 17:00:16,515  INFO [main] log4j:27 - Getting testdata
2019-10-14 17:00:16,529  INFO [main] log4j:27 - Dropdown method starts to perform
2019-10-14 17:00:16,827  INFO [main] log4j:27 - Dropdown method done
2019-10-14 17:00:16,828  INFO [main] log4j:27 - Entering text into text box
2019-10-14 17:00:16,877  INFO [main] log4j:27 - Getting testdata
2019-10-14 17:00:17,116  INFO [main] log4j:27 - positive value is entered
2019-10-14 17:00:17,116  INFO [main] log4j:27 - Click is progressed
2019-10-14 17:00:18,803  INFO [main] log4j:27 - click is done
2019-10-14 17:00:18,804  INFO [main] log4j:27 - Getting text from data
2019-10-14 17:00:18,883  INFO [main] log4j:27 - Getting text from data
2019-10-14 17:00:19,026  INFO [main] Config files:48 - Assertion Starts
2019-10-14 17:00:19,032  INFO [main] Config files:50 - the product were equal
2019-10-14 17:00:19,032  INFO [main] Config files:51 - Assertion ends
2019-10-14 17:00:19,035  INFO [main] log4j:27 - Getting testdata
2019-10-14 17:00:19,036  INFO [main] log4j:27 - Dropdown method starts to perform
2019-10-14 17:00:19,214  INFO [main] log4j:27 - Dropdown method done
2019-10-14 17:00:19,214  INFO [main] log4j:27 - Entering text into text box
2019-10-14 17:00:19,249  INFO [main] log4j:27 - Getting testdata
2019-10-14 17:00:19,395  INFO [main] log4j:27 - negative value is entered
2019-10-14 17:00:19,396  INFO [main] log4j:27 - Click is progressed
2019-10-14 17:00:20,314  INFO [main] log4j:27 - click is done
2019-10-14 17:00:20,315  INFO [main] log4j:27 - Getting text from data
2019-10-14 17:00:20,388  INFO [main] log4j:27 - Getting testdata
2019-10-14 17:00:20,389  INFO [main] Config files:48 - Assertion Starts
2019-10-14 17:00:20,390  INFO [main] Config files:50 - There is no such products try, different search
2019-10-14 17:00:20,390  INFO [main] Config files:51 - Assertion ends
2019-10-14 17:00:20,391  INFO [main] log4j:27 - Getting testdata
2019-10-14 17:00:20,391  INFO [main] log4j:27 - Dropdown method starts to perform
2019-10-14 17:00:20,556  INFO [main] log4j:27 - Dropdown method done
2019-10-14 17:00:20,557  INFO [main] log4j:27 - Entering text into text box
2019-10-14 17:00:20,595  INFO [main] log4j:27 - Getting testdata
2019-10-14 17:00:20,704  INFO [main] log4j:27 - neutral value is entered
2019-10-14 17:00:20,705  INFO [main] log4j:27 - Click is progressed
2019-10-14 17:00:21,571  INFO [main] log4j:27 - click is done
2019-10-14 17:00:21,571  INFO [main] log4j:27 - Getting text from data
2019-10-14 17:00:21,650  INFO [main] Config files:22 - splittext performs
2019-10-14 17:00:21,651  INFO [main] Config files:28 - text splitted
2019-10-14 17:00:21,651  INFO [main] log4j:27 - Getting testdata
2019-10-14 17:00:21,652  INFO [main] Config files:48 - Assertion Starts
2019-10-14 17:00:21,652  INFO [main] Config files:50 - There is no such products try, different search
2019-10-14 17:00:21,652  INFO [main] Config files:51 - Assertion ends
2019-10-14 17:10:24,875  INFO [main] Config files:59 - DriverInitiated
2019-10-14 17:10:34,134  INFO [main] log4j:27 - URL opens
2019-10-14 17:10:38,425  INFO [main] log4j:27 - Browser Maximized
2019-10-14 17:10:38,432  INFO [main] log4j:27 - Getting testdata
2019-10-14 17:10:38,441  INFO [main] log4j:27 - Dropdown method starts to perform
2019-10-14 17:10:38,709  INFO [main] log4j:27 - Dropdown method done
2019-10-14 17:10:38,709  INFO [main] log4j:27 - Entering text into text box
2019-10-14 17:10:38,748  INFO [main] log4j:27 - Getting testdata
2019-10-14 17:10:38,952  INFO [main] log4j:27 - positive value is entered
2019-10-14 17:10:38,952  INFO [main] log4j:27 - Click is progressed
2019-10-14 17:10:40,456  INFO [main] log4j:27 - click is done
2019-10-14 17:10:40,456  INFO [main] log4j:27 - Getting text from data
2019-10-14 17:10:40,529  INFO [main] log4j:27 - Getting text from data
2019-10-14 17:10:40,658  INFO [main] Config files:48 - Assertion Starts
2019-10-14 17:10:40,661  INFO [main] Config files:50 - the product were equal
2019-10-14 17:10:40,662  INFO [main] Config files:51 - Assertion ends
2019-10-14 17:10:40,666  INFO [main] log4j:27 - Getting testdata
2019-10-14 17:10:40,667  INFO [main] log4j:27 - Dropdown method starts to perform
2019-10-14 17:10:40,852  INFO [main] log4j:27 - Dropdown method done
2019-10-14 17:10:40,853  INFO [main] log4j:27 - Entering text into text box
2019-10-14 17:10:40,887  INFO [main] log4j:27 - Getting testdata
2019-10-14 17:10:41,014  INFO [main] log4j:27 - negative value is entered
2019-10-14 17:10:41,014  INFO [main] log4j:27 - Click is progressed
2019-10-14 17:10:46,021  INFO [main] log4j:27 - click is done
2019-10-14 17:10:46,022  INFO [main] log4j:27 - Getting text from data
2019-10-14 17:10:46,121  INFO [main] log4j:27 - Getting testdata
2019-10-14 17:10:46,122  INFO [main] Config files:48 - Assertion Starts
2019-10-14 17:10:46,122  INFO [main] Config files:50 - There is no such products try, different search
2019-10-14 17:10:46,122  INFO [main] Config files:51 - Assertion ends
2019-10-14 17:10:46,123  INFO [main] log4j:27 - Getting testdata
2019-10-14 17:10:46,123  INFO [main] log4j:27 - Dropdown method starts to perform
2019-10-14 17:11:13,031  INFO [main] Config files:59 - DriverInitiated
2019-10-14 17:11:19,135  INFO [main] log4j:27 - URL opens
2019-10-14 17:11:23,306  INFO [main] log4j:27 - Browser Maximized
2019-10-14 17:11:23,314  INFO [main] log4j:27 - Getting testdata
2019-10-14 17:11:23,329  INFO [main] log4j:27 - Dropdown method starts to perform
2019-10-14 17:11:24,744  INFO [main] log4j:27 - Dropdown method done
2019-10-14 17:11:24,748  INFO [main] log4j:27 - Entering text into text box
2019-10-14 17:11:24,990  INFO [main] log4j:27 - Getting testdata
2019-10-14 17:11:25,874  INFO [main] log4j:27 - positive value is entered
2019-10-14 17:11:25,878  INFO [main] log4j:27 - Click is progressed
2019-10-14 17:11:29,600  INFO [main] log4j:27 - click is done
2019-10-14 17:11:29,604  INFO [main] log4j:27 - Getting text from data
2019-10-14 17:11:29,837  INFO [main] log4j:27 - Getting text from data
2019-10-14 17:11:30,412  INFO [main] Config files:48 - Assertion Starts
2019-10-14 17:11:30,424  INFO [main] Config files:50 - the product were equal
2019-10-14 17:11:30,428  INFO [main] Config files:51 - Assertion ends
2019-10-14 17:11:30,432  INFO [main] log4j:27 - Getting testdata
2019-10-14 17:11:30,436  INFO [main] log4j:27 - Dropdown method starts to perform
2019-10-14 17:11:31,004  INFO [main] log4j:27 - Dropdown method done
2019-10-14 17:11:31,008  INFO [main] log4j:27 - Entering text into text box
2019-10-14 17:11:31,119  INFO [main] log4j:27 - Getting testdata
2019-10-14 17:11:31,515  INFO [main] log4j:27 - negative value is entered
2019-10-14 17:11:31,515  INFO [main] log4j:27 - Click is progressed
2019-10-14 17:11:33,114  INFO [main] log4j:27 - click is done
2019-10-14 17:11:33,118  INFO [main] log4j:27 - Getting text from data
2019-10-14 17:11:33,350  INFO [main] log4j:27 - Getting testdata
2019-10-14 17:11:33,354  INFO [main] Config files:48 - Assertion Starts
2019-10-14 17:11:33,354  INFO [main] Config files:50 - There is no such products try, different search
2019-10-14 17:11:33,354  INFO [main] Config files:51 - Assertion ends
2019-10-14 17:11:33,358  INFO [main] log4j:27 - Getting testdata
2019-10-14 17:11:33,358  INFO [main] log4j:27 - Dropdown method starts to perform
2019-10-14 17:11:33,839  INFO [main] log4j:27 - Dropdown method done
2019-10-14 17:11:33,839  INFO [main] log4j:27 - Entering text into text box
2019-10-14 17:11:33,943  INFO [main] log4j:27 - Getting testdata
2019-10-14 17:11:34,271  INFO [main] log4j:27 - neutral value is entered
2019-10-14 17:11:34,271  INFO [main] log4j:27 - Click is progressed
2019-10-14 17:11:35,854  INFO [main] log4j:27 - click is done
2019-10-14 17:11:35,858  INFO [main] log4j:27 - Getting text from data
2019-10-14 17:11:36,076  INFO [main] Config files:22 - splittext performs
2019-10-14 17:11:36,076  INFO [main] Config files:28 - text splitted
2019-10-14 17:11:36,080  INFO [main] log4j:27 - Getting testdata
2019-10-14 17:11:36,084  INFO [main] Config files:48 - Assertion Starts
2019-10-14 17:11:36,084  INFO [main] Config files:50 - There is no such products try, different search
2019-10-14 17:11:36,084  INFO [main] Config files:51 - Assertion ends
2019-10-14 17:27:07,864  INFO [main] Config files:63 - DriverInitiated
2019-10-14 17:27:08,179  INFO [main] log4j:27 - URL opens
2019-10-14 17:27:08,227  INFO [main] log4j:27 - Browser Maximized
2019-10-14 17:27:08,239  INFO [main] log4j:27 - Getting testdata
2019-10-14 17:27:08,251  INFO [main] log4j:27 - Dropdown method starts to perform
2019-10-14 17:29:17,227  INFO [main] Config files:63 - DriverInitiated
2019-10-14 17:29:17,466  INFO [main] log4j:27 - URL opens
2019-10-14 17:29:17,514  INFO [main] log4j:27 - Browser Maximized
2019-10-14 17:29:17,526  INFO [main] log4j:27 - Getting testdata
2019-10-14 17:29:17,538  INFO [main] log4j:27 - Dropdown method starts to perform
2019-10-14 17:32:05,808  INFO [main] Config files:63 - DriverInitiated
2019-10-14 17:32:10,349  INFO [main] Config files:63 - DriverInitiated
2019-10-14 17:32:10,685  INFO [main] log4j:27 - URL opens
2019-10-14 17:32:10,740  INFO [main] log4j:27 - Browser Maximized
2019-10-14 17:32:10,752  INFO [main] log4j:27 - Getting testdata
2019-10-14 17:32:10,768  INFO [main] log4j:27 - Dropdown method starts to perform
2019-10-14 17:32:12,216  INFO [main] log4j:27 - Dropdown method done
2019-10-14 17:32:12,216  INFO [main] log4j:27 - Entering text into text box
2019-10-14 17:32:12,485  INFO [main] log4j:27 - Getting testdata
2019-10-14 17:32:13,501  INFO [main] log4j:27 - URL opens
2019-10-14 17:32:13,579  INFO [main] log4j:27 - Browser Maximized
2019-10-14 17:32:13,595  INFO [main] log4j:27 - Getting testdata
2019-10-14 17:32:13,615  INFO [main] log4j:27 - Dropdown method starts to perform
2019-10-14 17:33:43,371  INFO [main] Config files:63 - DriverInitiated
2019-10-14 17:33:50,448  INFO [main] log4j:27 - URL opens
2019-10-14 17:33:50,480  INFO [main] log4j:27 - Browser Maximized
2019-10-14 17:33:50,488  INFO [main] log4j:27 - Getting testdata
2019-10-14 17:33:50,501  INFO [main] log4j:27 - Dropdown method starts to perform
2019-10-14 17:33:51,332  INFO [main] log4j:27 - Dropdown method done
2019-10-14 17:33:51,336  INFO [main] log4j:27 - Entering text into text box
2019-10-14 17:33:51,368  INFO [main] log4j:27 - Getting testdata
2019-10-14 17:33:51,524  INFO [main] log4j:27 - positive value is entered
2019-10-14 17:33:51,524  INFO [main] log4j:27 - Click is progressed
2019-10-14 17:33:53,250  INFO [main] log4j:27 - click is done
2019-10-14 17:33:53,250  INFO [main] log4j:27 - Getting text from data
2019-10-14 17:33:53,327  INFO [main] log4j:27 - Getting text from data
2019-10-14 17:33:53,435  INFO [main] Config files:48 - Assertion Starts
2019-10-14 17:33:53,439  INFO [main] Config files:50 - the product were equal
2019-10-14 17:33:53,439  INFO [main] Config files:51 - Assertion ends
2019-10-14 17:33:53,443  INFO [main] log4j:27 - Getting testdata
2019-10-14 17:33:53,447  INFO [main] log4j:27 - Dropdown method starts to perform
2019-10-14 17:33:53,635  INFO [main] log4j:27 - Dropdown method done
2019-10-14 17:33:53,635  INFO [main] log4j:27 - Entering text into text box
2019-10-14 17:33:53,671  INFO [main] log4j:27 - Getting testdata
2019-10-14 17:33:53,743  INFO [main] log4j:27 - negative value is entered
2019-10-14 17:33:53,743  INFO [main] log4j:27 - Click is progressed
2019-10-14 17:33:54,867  INFO [main] log4j:27 - click is done
2019-10-14 17:33:54,867  INFO [main] log4j:27 - Getting text from data
2019-10-14 17:33:54,950  INFO [main] log4j:27 - Getting testdata
2019-10-14 17:33:54,950  INFO [main] Config files:48 - Assertion Starts
2019-10-14 17:33:54,950  INFO [main] Config files:50 - There is no such products try, different search
2019-10-14 17:33:54,950  INFO [main] Config files:51 - Assertion ends
2019-10-14 17:33:54,950  INFO [main] log4j:27 - Getting testdata
2019-10-14 17:33:54,954  INFO [main] log4j:27 - Dropdown method starts to perform
2019-10-14 17:33:55,110  INFO [main] log4j:27 - Dropdown method done
2019-10-14 17:33:55,110  INFO [main] log4j:27 - Entering text into text box
2019-10-14 17:33:55,150  INFO [main] log4j:27 - Getting testdata
2019-10-14 17:33:55,210  INFO [main] log4j:27 - neutral value is entered
2019-10-14 17:33:55,210  INFO [main] log4j:27 - Click is progressed
2019-10-14 17:33:56,294  INFO [main] log4j:27 - click is done
2019-10-14 17:33:56,294  INFO [main] log4j:27 - Getting text from data
2019-10-14 17:33:56,435  INFO [main] Config files:22 - splittext performs
2019-10-14 17:33:56,439  INFO [main] Config files:28 - text splitted
2019-10-14 17:33:56,439  INFO [main] log4j:27 - Getting testdata
2019-10-14 17:33:56,439  INFO [main] Config files:48 - Assertion Starts
2019-10-14 17:33:56,439  INFO [main] Config files:50 - There is no such products try, different search
2019-10-14 17:33:56,439  INFO [main] Config files:51 - Assertion ends
2019-10-14 18:17:10,139  INFO [main] log4j:27 - Getting testdata
2019-10-14 18:17:10,146  INFO [main] log4j:27 - Getting testdata
2019-10-14 18:17:10,264  INFO [main] log4j:27 - Click is progressed
2019-10-14 18:22:17,070  INFO [main] Config files:63 - DriverInitiated
2019-10-14 18:22:22,762  INFO [main] log4j:27 - URL opens
2019-10-14 18:22:22,801  INFO [main] log4j:27 - Browser Maximized
2019-10-14 18:22:22,811  INFO [main] log4j:27 - Getting testdata
2019-10-14 18:22:22,828  INFO [main] log4j:27 - Dropdown method starts to perform
2019-10-14 18:22:23,369  INFO [main] log4j:27 - Dropdown method done
2019-10-14 18:22:23,370  INFO [main] log4j:27 - Entering text into text box
2019-10-14 18:22:23,401  INFO [main] log4j:27 - Getting testdata
2019-10-14 18:22:23,508  INFO [main] log4j:27 - positive value is entered
2019-10-14 18:22:23,509  INFO [main] log4j:27 - Click is progressed
2019-10-14 18:22:25,249  INFO [main] log4j:27 - click is done
2019-10-14 18:22:25,249  INFO [main] log4j:27 - Getting text from data
2019-10-14 18:22:25,333  INFO [main] log4j:27 - Getting text from data
2019-10-14 18:22:25,473  INFO [main] Config files:52 - Assertion Starts
2019-10-14 18:22:25,477  INFO [main] Config files:54 - the product were equal
2019-10-14 18:22:25,477  INFO [main] Config files:55 - Assertion ends
2019-10-14 18:22:25,481  INFO [main] log4j:27 - Getting testdata
2019-10-14 18:22:25,481  INFO [main] log4j:27 - Dropdown method starts to perform
2019-10-14 18:22:25,649  INFO [main] log4j:27 - Dropdown method done
2019-10-14 18:22:25,653  INFO [main] log4j:27 - Entering text into text box
2019-10-14 18:22:25,685  INFO [main] log4j:27 - Getting testdata
2019-10-14 18:22:25,753  INFO [main] log4j:27 - negative value is entered
2019-10-14 18:22:25,757  INFO [main] log4j:27 - Click is progressed
2019-10-14 18:22:26,900  INFO [main] log4j:27 - click is done
2019-10-14 18:22:26,900  INFO [main] log4j:27 - Getting text from data
2019-10-14 18:22:27,013  INFO [main] log4j:27 - Getting testdata
2019-10-14 18:22:27,013  INFO [main] Config files:52 - Assertion Starts
2019-10-14 18:22:27,013  INFO [main] Config files:54 - There is no such products try, different search
2019-10-14 18:22:27,017  INFO [main] Config files:55 - Assertion ends
2019-10-14 18:22:27,017  INFO [main] log4j:27 - Getting testdata
2019-10-14 18:22:27,017  INFO [main] log4j:27 - Dropdown method starts to perform
2019-10-14 18:22:27,209  INFO [main] log4j:27 - Dropdown method done
2019-10-14 18:22:27,209  INFO [main] log4j:27 - Entering text into text box
2019-10-14 18:22:27,241  INFO [main] log4j:27 - Getting testdata
2019-10-14 18:22:27,313  INFO [main] log4j:27 - neutral value is entered
2019-10-14 18:22:27,313  INFO [main] log4j:27 - Click is progressed
2019-10-14 18:22:28,445  INFO [main] log4j:27 - click is done
2019-10-14 18:22:28,445  INFO [main] log4j:27 - Getting text from data
2019-10-14 18:22:28,615  INFO [main] Config files:26 - splittext performs
2019-10-14 18:22:28,615  INFO [main] Config files:32 - text splitted
2019-10-14 18:22:28,615  INFO [main] log4j:27 - Getting testdata
2019-10-14 18:22:28,615  INFO [main] Config files:52 - Assertion Starts
2019-10-14 18:22:28,615  INFO [main] Config files:54 - There is no such products try, different search
2019-10-14 18:22:28,619  INFO [main] Config files:55 - Assertion ends
2019-10-14 18:22:50,703  INFO [main] log4j:27 - Getting testdata
2019-10-14 18:22:50,717  INFO [main] log4j:27 - Getting testdata
2019-10-14 18:22:50,845  INFO [main] log4j:27 - Click is progressed
2019-10-14 18:58:47,336  INFO [main] log4j:27 - Getting testdata
2019-10-14 18:58:47,350  INFO [main] log4j:27 - Getting testdata
2019-10-14 18:58:47,474  INFO [main] log4j:27 - Click is progressed
2019-10-14 19:09:08,444  INFO [main] log4j:27 - Getting testdata
2019-10-14 19:09:08,461  INFO [main] log4j:27 - Getting testdata
2019-10-14 19:09:08,585  INFO [main] log4j:27 - Click is progressed
2019-10-14 19:11:03,944  INFO [main] log4j:27 - Getting testdata
2019-10-14 19:11:03,957  INFO [main] log4j:27 - Getting testdata
2019-10-14 19:11:04,085  INFO [main] log4j:27 - Click is progressed
2019-10-14 19:11:09,833  INFO [main] log4j:27 - Getting testdata
2019-10-14 19:11:09,852  INFO [main] log4j:27 - Getting testdata
2019-10-14 19:11:09,984  INFO [main] log4j:27 - Click is progressed
2019-10-14 19:11:37,599  INFO [main] log4j:27 - Getting testdata
2019-10-14 19:11:37,609  INFO [main] log4j:27 - Getting testdata
2019-10-14 19:11:46,126  INFO [main] Config files:63 - DriverInitiated
2019-10-14 19:11:46,254  INFO [main] log4j:27 - Click is progressed
2019-10-14 19:12:28,996  INFO [main] log4j:27 - Getting testdata
2019-10-14 19:12:29,020  INFO [main] log4j:27 - Getting testdata
2019-10-14 19:12:37,571  INFO [main] Config files:63 - DriverInitiated
2019-10-14 19:12:43,405  INFO [main] log4j:27 - URL opens
2019-10-14 19:12:43,441  INFO [main] log4j:27 - Browser Maximized
2019-10-14 19:12:43,450  INFO [main] log4j:27 - Click is progressed
2019-10-14 19:12:49,211  INFO [main] log4j:27 - click is done
2019-10-14 19:12:49,229  INFO [main] log4j:27 - Got title from URL
2019-10-14 19:12:49,230  INFO [main] log4j:27 - Scrolls performed
2019-10-14 19:12:49,275  INFO [main] log4j:27 - Scroll done
2019-10-14 19:12:49,275  INFO [main] log4j:27 - Getting Text present in an element
2019-10-14 19:12:51,539  INFO [main] log4j:27 - URL opens
2019-10-14 19:12:51,568  INFO [main] log4j:27 - Browser Maximized
2019-10-14 19:12:51,570  INFO [main] log4j:27 - Getting testdata
2019-10-14 19:12:51,573  INFO [main] log4j:27 - Dropdown method starts to perform
2019-10-14 19:12:52,024  INFO [main] log4j:27 - Dropdown method done
2019-10-14 19:12:52,024  INFO [main] log4j:27 - Entering text into text box
2019-10-14 19:12:52,060  INFO [main] log4j:27 - Getting testdata
2019-10-14 19:12:52,144  INFO [main] log4j:27 - positive value is entered
2019-10-14 19:12:52,144  INFO [main] log4j:27 - Click is progressed
2019-10-14 19:12:53,312  INFO [main] log4j:27 - click is done
2019-10-14 19:12:53,312  INFO [main] log4j:27 - Getting text from data
2019-10-14 19:12:53,513  INFO [main] log4j:27 - Getting text from data
2019-10-14 19:12:53,725  INFO [main] Config files:52 - Assertion Starts
2019-10-14 19:12:53,729  INFO [main] Config files:54 - the product were equal
2019-10-14 19:12:53,729  INFO [main] Config files:55 - Assertion ends
2019-10-14 19:12:53,729  INFO [main] log4j:27 - Getting testdata
2019-10-14 19:12:53,729  INFO [main] log4j:27 - Dropdown method starts to perform
2019-10-14 19:12:53,905  INFO [main] log4j:27 - Dropdown method done
2019-10-14 19:12:53,905  INFO [main] log4j:27 - Entering text into text box
2019-10-14 19:12:53,937  INFO [main] log4j:27 - Getting testdata
2019-10-14 19:12:54,009  INFO [main] log4j:27 - negative value is entered
2019-10-14 19:12:54,009  INFO [main] log4j:27 - Click is progressed
2019-10-14 19:12:54,957  INFO [main] log4j:27 - click is done
2019-10-14 19:12:54,957  INFO [main] log4j:27 - Getting text from data
2019-10-14 19:12:55,115  INFO [main] log4j:27 - Getting testdata
2019-10-14 19:12:55,119  INFO [main] Config files:52 - Assertion Starts
2019-10-14 19:12:55,119  INFO [main] Config files:54 - There is no such products try, different search
2019-10-14 19:12:55,119  INFO [main] Config files:55 - Assertion ends
2019-10-14 19:12:55,119  INFO [main] log4j:27 - Getting testdata
2019-10-14 19:12:55,119  INFO [main] log4j:27 - Dropdown method starts to perform
2019-10-14 19:12:55,291  INFO [main] log4j:27 - Dropdown method done
2019-10-14 19:12:55,291  INFO [main] log4j:27 - Entering text into text box
2019-10-14 19:12:55,323  INFO [main] log4j:27 - Getting testdata
2019-10-14 19:12:55,391  INFO [main] log4j:27 - neutral value is entered
2019-10-14 19:12:55,391  INFO [main] log4j:27 - Click is progressed
2019-10-14 19:12:56,351  INFO [main] log4j:27 - click is done
2019-10-14 19:12:56,351  INFO [main] log4j:27 - Getting text from data
2019-10-14 19:12:56,500  INFO [main] Config files:26 - splittext performs
2019-10-14 19:12:56,500  INFO [main] Config files:32 - text splitted
2019-10-14 19:12:56,500  INFO [main] log4j:27 - Getting testdata
2019-10-14 19:12:56,500  INFO [main] Config files:52 - Assertion Starts
2019-10-14 19:12:56,504  INFO [main] Config files:54 - There is no such products try, different search
2019-10-14 19:12:56,504  INFO [main] Config files:55 - Assertion ends
2019-10-14 19:14:03,076  INFO [main] log4j:27 - Getting testdata
2019-10-14 19:14:03,092  INFO [main] log4j:27 - Getting testdata
2019-10-14 19:14:12,635  INFO [main] Config files:63 - DriverInitiated
2019-10-14 19:14:18,083  INFO [main] log4j:27 - URL opens
2019-10-14 19:14:18,123  INFO [main] log4j:27 - Browser Maximized
2019-10-14 19:14:18,132  INFO [main] log4j:27 - Getting testdata
2019-10-14 19:14:18,135  INFO [main] log4j:27 - Dropdown method starts to perform
2019-10-14 19:14:18,671  INFO [main] log4j:27 - Dropdown method done
2019-10-14 19:14:18,672  INFO [main] log4j:27 - Entering text into text box
2019-10-14 19:14:18,709  INFO [main] log4j:27 - Getting testdata
2019-10-14 19:14:18,812  INFO [main] log4j:27 - positive value is entered
2019-10-14 19:14:18,813  INFO [main] log4j:27 - Click is progressed
2019-10-14 19:14:21,312  INFO [main] log4j:27 - click is done
2019-10-14 19:14:21,312  INFO [main] log4j:27 - Getting text from data
2019-10-14 19:14:21,389  INFO [main] log4j:27 - Getting text from data
2019-10-14 19:14:21,549  INFO [main] Config files:52 - Assertion Starts
2019-10-14 19:14:21,553  INFO [main] Config files:54 - the product were equal
2019-10-14 19:14:21,553  INFO [main] Config files:55 - Assertion ends
2019-10-14 19:14:21,553  INFO [main] log4j:27 - Getting testdata
2019-10-14 19:14:21,553  INFO [main] log4j:27 - Dropdown method starts to perform
2019-10-14 19:14:21,737  INFO [main] log4j:27 - Dropdown method done
2019-10-14 19:14:21,737  INFO [main] log4j:27 - Entering text into text box
2019-10-14 19:14:21,777  INFO [main] log4j:27 - Getting testdata
2019-10-14 19:14:21,849  INFO [main] log4j:27 - negative value is entered
2019-10-14 19:14:21,849  INFO [main] log4j:27 - Click is progressed
2019-10-14 19:14:22,960  INFO [main] log4j:27 - click is done
2019-10-14 19:14:22,960  INFO [main] log4j:27 - Getting text from data
2019-10-14 19:14:23,089  INFO [main] log4j:27 - Getting testdata
2019-10-14 19:14:23,089  INFO [main] Config files:52 - Assertion Starts
2019-10-14 19:14:23,089  INFO [main] Config files:54 - There is no such products try, different search
2019-10-14 19:14:23,089  INFO [main] Config files:55 - Assertion ends
2019-10-14 19:14:23,089  INFO [main] log4j:27 - Getting testdata
2019-10-14 19:14:23,093  INFO [main] log4j:27 - Dropdown method starts to perform
2019-10-14 19:14:23,233  INFO [main] log4j:27 - Dropdown method done
2019-10-14 19:14:23,233  INFO [main] log4j:27 - Entering text into text box
2019-10-14 19:14:23,261  INFO [main] log4j:27 - Getting testdata
2019-10-14 19:14:23,325  INFO [main] log4j:27 - neutral value is entered
2019-10-14 19:14:23,325  INFO [main] log4j:27 - Click is progressed
2019-10-14 19:14:24,424  INFO [main] log4j:27 - click is done
2019-10-14 19:14:24,424  INFO [main] log4j:27 - Getting text from data
2019-10-14 19:14:24,525  INFO [main] Config files:26 - splittext performs
2019-10-14 19:14:24,529  INFO [main] Config files:32 - text splitted
2019-10-14 19:14:24,529  INFO [main] log4j:27 - Getting testdata
2019-10-14 19:14:24,529  INFO [main] Config files:52 - Assertion Starts
2019-10-14 19:14:24,529  INFO [main] Config files:54 - There is no such products try, different search
2019-10-14 19:14:24,529  INFO [main] Config files:55 - Assertion ends
2019-10-14 19:14:26,080  INFO [main] log4j:27 - URL opens
2019-10-14 19:14:26,110  INFO [main] log4j:27 - Browser Maximized
2019-10-14 19:14:26,110  INFO [main] log4j:27 - Click is progressed
2019-10-14 19:14:31,579  INFO [main] log4j:27 - click is done
2019-10-14 19:14:31,597  INFO [main] log4j:27 - Got title from URL
2019-10-14 19:14:31,597  INFO [main] log4j:27 - Scrolls performed
2019-10-14 19:14:31,639  INFO [main] log4j:27 - Scroll done
2019-10-14 19:14:31,640  INFO [main] log4j:27 - Getting Text present in an element
2019-10-14 19:15:44,910  INFO [main] log4j:27 - Getting testdata
2019-10-14 19:15:44,921  INFO [main] log4j:27 - Getting testdata
2019-10-14 19:15:53,912  INFO [main] Config files:63 - DriverInitiated
2019-10-14 19:16:00,609  INFO [main] log4j:27 - URL opens
2019-10-14 19:16:00,659  INFO [main] log4j:27 - Browser Maximized
2019-10-14 19:16:00,670  INFO [main] log4j:27 - Getting testdata
2019-10-14 19:16:00,672  INFO [main] log4j:27 - Dropdown method starts to perform
2019-10-14 19:16:01,525  INFO [main] log4j:27 - Dropdown method done
2019-10-14 19:16:01,525  INFO [main] log4j:27 - Entering text into text box
2019-10-14 19:16:01,557  INFO [main] log4j:27 - Getting testdata
2019-10-14 19:16:01,649  INFO [main] log4j:27 - positive value is entered
2019-10-14 19:16:01,649  INFO [main] log4j:27 - Click is progressed
2019-10-14 19:16:04,004  INFO [main] log4j:27 - click is done
2019-10-14 19:16:04,004  INFO [main] log4j:27 - Getting text from data
2019-10-14 19:16:04,093  INFO [main] log4j:27 - Getting text from data
2019-10-14 19:16:04,225  INFO [main] Config files:52 - Assertion Starts
2019-10-14 19:16:04,237  INFO [main] Config files:54 - the product were equal
2019-10-14 19:16:04,237  INFO [main] Config files:55 - Assertion ends
2019-10-14 19:16:04,237  INFO [main] log4j:27 - Getting testdata
2019-10-14 19:16:04,241  INFO [main] log4j:27 - Dropdown method starts to perform
2019-10-14 19:16:04,417  INFO [main] log4j:27 - Dropdown method done
2019-10-14 19:16:04,417  INFO [main] log4j:27 - Entering text into text box
2019-10-14 19:16:04,449  INFO [main] log4j:27 - Getting testdata
2019-10-14 19:16:04,517  INFO [main] log4j:27 - negative value is entered
2019-10-14 19:16:04,517  INFO [main] log4j:27 - Click is progressed
2019-10-14 19:16:05,752  INFO [main] log4j:27 - click is done
2019-10-14 19:16:05,752  INFO [main] log4j:27 - Getting text from data
2019-10-14 19:16:05,817  INFO [main] log4j:27 - Getting testdata
2019-10-14 19:16:05,817  INFO [main] Config files:52 - Assertion Starts
2019-10-14 19:16:05,817  INFO [main] Config files:54 - There is no such products try, different search
2019-10-14 19:16:05,821  INFO [main] Config files:55 - Assertion ends
2019-10-14 19:16:05,821  INFO [main] log4j:27 - Getting testdata
2019-10-14 19:16:05,821  INFO [main] log4j:27 - Dropdown method starts to perform
2019-10-14 19:16:05,989  INFO [main] log4j:27 - Dropdown method done
2019-10-14 19:16:05,989  INFO [main] log4j:27 - Entering text into text box
2019-10-14 19:16:06,029  INFO [main] log4j:27 - Getting testdata
2019-10-14 19:16:06,097  INFO [main] log4j:27 - neutral value is entered
2019-10-14 19:16:06,097  INFO [main] log4j:27 - Click is progressed
2019-10-14 19:16:07,368  INFO [main] log4j:27 - click is done
2019-10-14 19:16:07,368  INFO [main] log4j:27 - Getting text from data
2019-10-14 19:16:07,477  INFO [main] Config files:26 - splittext performs
2019-10-14 19:16:07,477  INFO [main] Config files:32 - text splitted
2019-10-14 19:16:07,477  INFO [main] log4j:27 - Getting testdata
2019-10-14 19:16:07,477  INFO [main] Config files:52 - Assertion Starts
2019-10-14 19:16:07,477  INFO [main] Config files:54 - There is no such products try, different search
2019-10-14 19:16:07,481  INFO [main] Config files:55 - Assertion ends
2019-10-14 19:16:09,000  INFO [main] log4j:27 - URL opens
2019-10-14 19:16:09,031  INFO [main] log4j:27 - Browser Maximized
2019-10-14 19:16:09,031  INFO [main] log4j:27 - Click is progressed
2019-10-14 19:16:15,751  INFO [main] log4j:27 - click is done
2019-10-14 19:16:16,333  INFO [main] log4j:27 - Got title from URL
2019-10-14 19:16:16,334  INFO [main] log4j:27 - Scrolls performed
2019-10-14 19:16:16,369  INFO [main] log4j:27 - Scroll done
2019-10-14 19:16:16,369  INFO [main] log4j:27 - Getting Text present in an element
2019-10-14 19:17:34,650  INFO [main] log4j:27 - Getting testdata
2019-10-14 19:17:34,666  INFO [main] log4j:27 - Getting testdata
2019-10-14 19:17:43,411  INFO [main] Config files:63 - DriverInitiated
2019-10-14 19:17:49,453  INFO [main] log4j:27 - URL opens
2019-10-14 19:17:49,537  INFO [main] log4j:27 - Browser Maximized
2019-10-14 19:17:49,547  INFO [main] log4j:27 - Getting testdata
2019-10-14 19:17:49,549  INFO [main] log4j:27 - Dropdown method starts to perform
2019-10-14 19:17:50,173  INFO [main] log4j:27 - Dropdown method done
2019-10-14 19:17:50,173  INFO [main] log4j:27 - Entering text into text box
2019-10-14 19:17:50,227  INFO [main] log4j:27 - Getting testdata
2019-10-14 19:17:50,319  INFO [main] log4j:27 - positive value is entered
2019-10-14 19:17:50,319  INFO [main] log4j:27 - Click is progressed
2019-10-14 19:17:52,522  INFO [main] log4j:27 - click is done
2019-10-14 19:17:52,526  INFO [main] log4j:27 - Getting text from data
2019-10-14 19:17:52,604  INFO [main] log4j:27 - Getting text from data
2019-10-14 19:17:52,780  INFO [main] Config files:52 - Assertion Starts
2019-10-14 19:17:52,784  INFO [main] Config files:54 - the product were equal
2019-10-14 19:17:52,784  INFO [main] Config files:55 - Assertion ends
2019-10-14 19:17:52,784  INFO [main] log4j:27 - Getting testdata
2019-10-14 19:17:52,784  INFO [main] log4j:27 - Dropdown method starts to perform
2019-10-14 19:17:52,972  INFO [main] log4j:27 - Dropdown method done
2019-10-14 19:17:52,976  INFO [main] log4j:27 - Entering text into text box
2019-10-14 19:17:53,012  INFO [main] log4j:27 - Getting testdata
2019-10-14 19:17:53,092  INFO [main] log4j:27 - negative value is entered
2019-10-14 19:17:53,092  INFO [main] log4j:27 - Click is progressed
2019-10-14 19:17:54,384  INFO [main] log4j:27 - click is done
2019-10-14 19:17:54,384  INFO [main] log4j:27 - Getting text from data
2019-10-14 19:17:54,505  INFO [main] log4j:27 - Getting testdata
2019-10-14 19:17:54,505  INFO [main] Config files:52 - Assertion Starts
2019-10-14 19:17:54,505  INFO [main] Config files:54 - There is no such products try, different search
2019-10-14 19:17:54,505  INFO [main] Config files:55 - Assertion ends
2019-10-14 19:17:54,505  INFO [main] log4j:27 - Getting testdata
2019-10-14 19:17:54,505  INFO [main] log4j:27 - Dropdown method starts to perform
2019-10-14 19:17:54,649  INFO [main] log4j:27 - Dropdown method done
2019-10-14 19:17:54,649  INFO [main] log4j:27 - Entering text into text box
2019-10-14 19:17:54,677  INFO [main] log4j:27 - Getting testdata
2019-10-14 19:17:54,741  INFO [main] log4j:27 - neutral value is entered
2019-10-14 19:17:54,745  INFO [main] log4j:27 - Click is progressed
2019-10-14 19:17:55,864  INFO [main] log4j:27 - click is done
2019-10-14 19:17:55,864  INFO [main] log4j:27 - Getting text from data
2019-10-14 19:17:55,964  INFO [main] Config files:26 - splittext performs
2019-10-14 19:17:55,968  INFO [main] Config files:32 - text splitted
2019-10-14 19:17:55,968  INFO [main] log4j:27 - Getting testdata
2019-10-14 19:17:55,968  INFO [main] Config files:52 - Assertion Starts
2019-10-14 19:17:55,968  INFO [main] Config files:54 - There is no such products try, different search
2019-10-14 19:17:55,968  INFO [main] Config files:55 - Assertion ends
2019-10-14 19:17:57,939  INFO [main] log4j:27 - URL opens
2019-10-14 19:17:57,963  INFO [main] log4j:27 - Browser Maximized
2019-10-14 19:17:57,967  INFO [main] log4j:27 - Click is progressed
2019-10-14 19:18:03,766  INFO [main] log4j:27 - click is done
2019-10-14 19:18:03,806  INFO [main] log4j:27 - Got title from URL
2019-10-14 19:18:03,807  INFO [main] log4j:27 - Scrolls performed
2019-10-14 19:18:03,844  INFO [main] log4j:27 - Scroll done
2019-10-14 19:18:03,845  INFO [main] log4j:27 - Getting Text present in an element
2019-10-14 19:22:51,207  INFO [main] log4j:27 - Getting testdata
2019-10-14 19:22:51,216  INFO [main] log4j:27 - Getting testdata
2019-10-14 19:23:01,382  INFO [main] Config files:63 - DriverInitiated
2019-10-14 19:23:11,665  INFO [main] log4j:27 - URL opens
2019-10-14 19:23:16,819  INFO [main] log4j:27 - Browser Maximized
2019-10-14 19:23:16,825  INFO [main] log4j:27 - Getting testdata
2019-10-14 19:23:16,829  INFO [main] log4j:27 - Dropdown method starts to perform
2019-10-14 19:23:17,833  INFO [main] log4j:27 - Dropdown method done
2019-10-14 19:23:17,833  INFO [main] log4j:27 - Entering text into text box
2019-10-14 19:23:17,871  INFO [main] log4j:27 - Getting testdata
2019-10-14 19:23:17,967  INFO [main] log4j:27 - positive value is entered
2019-10-14 19:23:17,967  INFO [main] log4j:27 - Click is progressed
2019-10-14 19:23:21,802  INFO [main] log4j:27 - click is done
2019-10-14 19:23:21,802  INFO [main] log4j:27 - Getting text from data
2019-10-14 19:23:21,886  INFO [main] log4j:27 - Getting text from data
2019-10-14 19:23:22,038  INFO [main] Config files:52 - Assertion Starts
2019-10-14 19:23:22,042  INFO [main] Config files:54 - the product were equal
2019-10-14 19:23:22,042  INFO [main] Config files:55 - Assertion ends
2019-10-14 19:23:22,042  INFO [main] log4j:27 - Getting testdata
2019-10-14 19:23:22,042  INFO [main] log4j:27 - Dropdown method starts to perform
2019-10-14 19:23:22,434  INFO [main] log4j:27 - Dropdown method done
2019-10-14 19:23:22,434  INFO [main] log4j:27 - Entering text into text box
2019-10-14 19:23:22,469  INFO [main] log4j:27 - Getting testdata
2019-10-14 19:23:22,569  INFO [main] log4j:27 - negative value is entered
2019-10-14 19:23:22,569  INFO [main] log4j:27 - Click is progressed
2019-10-14 19:23:23,689  INFO [main] log4j:27 - click is done
2019-10-14 19:23:23,689  INFO [main] log4j:27 - Getting text from data
2019-10-14 19:23:23,750  INFO [main] log4j:27 - Getting testdata
2019-10-14 19:23:23,750  INFO [main] Config files:52 - Assertion Starts
2019-10-14 19:23:23,750  INFO [main] Config files:54 - There is no such products try, different search
2019-10-14 19:23:23,750  INFO [main] Config files:55 - Assertion ends
2019-10-14 19:23:23,750  INFO [main] log4j:27 - Getting testdata
2019-10-14 19:23:23,754  INFO [main] log4j:27 - Dropdown method starts to perform
2019-10-14 19:23:23,950  INFO [main] log4j:27 - Dropdown method done
2019-10-14 19:23:23,950  INFO [main] log4j:27 - Entering text into text box
2019-10-14 19:23:23,986  INFO [main] log4j:27 - Getting testdata
2019-10-14 19:23:24,098  INFO [main] log4j:27 - neutral value is entered
2019-10-14 19:23:24,106  INFO [main] log4j:27 - Click is progressed
2019-10-14 19:23:25,943  INFO [main] log4j:27 - click is done
2019-10-14 19:23:25,947  INFO [main] log4j:27 - Getting text from data
2019-10-14 19:23:26,080  INFO [main] Config files:26 - splittext performs
2019-10-14 19:23:26,080  INFO [main] Config files:32 - text splitted
2019-10-14 19:23:26,080  INFO [main] log4j:27 - Getting testdata
2019-10-14 19:23:26,084  INFO [main] Config files:52 - Assertion Starts
2019-10-14 19:23:26,084  INFO [main] Config files:54 - There is no such products try, different search
2019-10-14 19:23:26,084  INFO [main] Config files:55 - Assertion ends
2019-10-14 19:23:27,672  INFO [main] log4j:27 - URL opens
2019-10-14 19:23:27,704  INFO [main] log4j:27 - Browser Maximized
2019-10-14 19:23:27,708  INFO [main] log4j:27 - Click is progressed
2019-10-14 19:23:33,453  INFO [main] log4j:27 - click is done
2019-10-14 19:23:33,470  INFO [main] log4j:27 - Got title from URL
2019-10-14 19:23:33,470  INFO [main] log4j:27 - Scrolls performed
2019-10-14 19:23:33,510  INFO [main] log4j:27 - Scroll done
2019-10-14 19:23:33,511  INFO [main] log4j:27 - Getting Text present in an element
2019-10-14 19:24:16,498  INFO [main] log4j:27 - Getting testdata
2019-10-14 19:24:16,512  INFO [main] log4j:27 - Getting testdata
2019-10-14 19:24:25,149  INFO [main] Config files:63 - DriverInitiated
2019-10-14 19:24:36,105  INFO [main] log4j:27 - URL opens
2019-10-14 19:24:36,146  INFO [main] log4j:27 - Browser Maximized
2019-10-14 19:24:36,154  INFO [main] log4j:27 - Getting testdata
2019-10-14 19:24:36,158  INFO [main] log4j:27 - Dropdown method starts to perform
2019-10-14 19:24:36,702  INFO [main] log4j:27 - Dropdown method done
2019-10-14 19:24:36,702  INFO [main] log4j:27 - Entering text into text box
2019-10-14 19:24:36,730  INFO [main] log4j:27 - Getting testdata
2019-10-14 19:24:36,822  INFO [main] log4j:27 - positive value is entered
2019-10-14 19:24:36,822  INFO [main] log4j:27 - Click is progressed
2019-10-14 19:24:39,033  INFO [main] log4j:27 - click is done
2019-10-14 19:24:39,037  INFO [main] log4j:27 - Getting text from data
2019-10-14 19:24:39,109  INFO [main] log4j:27 - Getting text from data
2019-10-14 19:24:39,272  INFO [main] Config files:52 - Assertion Starts
2019-10-14 19:24:39,276  INFO [main] Config files:54 - the product were equal
2019-10-14 19:24:39,276  INFO [main] Config files:55 - Assertion ends
2019-10-14 19:24:39,276  INFO [main] log4j:27 - Getting testdata
2019-10-14 19:24:39,276  INFO [main] log4j:27 - Dropdown method starts to perform
2019-10-14 19:24:39,456  INFO [main] log4j:27 - Dropdown method done
2019-10-14 19:24:39,456  INFO [main] log4j:27 - Entering text into text box
2019-10-14 19:24:39,484  INFO [main] log4j:27 - Getting testdata
2019-10-14 19:24:39,572  INFO [main] log4j:27 - negative value is entered
2019-10-14 19:24:39,572  INFO [main] log4j:27 - Click is progressed
2019-10-14 19:24:40,724  INFO [main] log4j:27 - click is done
2019-10-14 19:24:40,724  INFO [main] log4j:27 - Getting text from data
2019-10-14 19:24:40,786  INFO [main] log4j:27 - Getting testdata
2019-10-14 19:24:40,786  INFO [main] Config files:52 - Assertion Starts
2019-10-14 19:24:40,786  INFO [main] Config files:54 - There is no such products try, different search
2019-10-14 19:24:40,786  INFO [main] Config files:55 - Assertion ends
2019-10-14 19:24:40,790  INFO [main] log4j:27 - Getting testdata
2019-10-14 19:24:40,790  INFO [main] log4j:27 - Dropdown method starts to perform
2019-10-14 19:24:40,934  INFO [main] log4j:27 - Dropdown method done
2019-10-14 19:24:40,934  INFO [main] log4j:27 - Entering text into text box
2019-10-14 19:24:40,966  INFO [main] log4j:27 - Getting testdata
2019-10-14 19:24:41,034  INFO [main] log4j:27 - neutral value is entered
2019-10-14 19:24:41,034  INFO [main] log4j:27 - Click is progressed
2019-10-14 19:24:42,078  INFO [main] log4j:27 - click is done
2019-10-14 19:24:42,078  INFO [main] log4j:27 - Getting text from data
2019-10-14 19:24:42,271  INFO [main] Config files:26 - splittext performs
2019-10-14 19:24:42,271  INFO [main] Config files:32 - text splitted
2019-10-14 19:24:42,275  INFO [main] log4j:27 - Getting testdata
2019-10-14 19:24:42,275  INFO [main] Config files:52 - Assertion Starts
2019-10-14 19:24:42,275  INFO [main] Config files:54 - There is no such products try, different search
2019-10-14 19:24:42,275  INFO [main] Config files:55 - Assertion ends
2019-10-14 19:24:43,666  INFO [main] log4j:27 - URL opens
2019-10-14 19:24:43,733  INFO [main] log4j:27 - Browser Maximized
2019-10-14 19:24:43,737  INFO [main] log4j:27 - Click is progressed
2019-10-14 19:24:49,315  INFO [main] log4j:27 - click is done
2019-10-14 19:24:49,331  INFO [main] log4j:27 - Got title from URL
2019-10-14 19:24:49,331  INFO [main] log4j:27 - Scrolls performed
2019-10-14 19:24:49,374  INFO [main] log4j:27 - Scroll done
2019-10-14 19:24:49,375  INFO [main] log4j:27 - Getting Text present in an element
2019-10-14 19:29:53,035  INFO [main] log4j:27 - Getting testdata
2019-10-14 19:29:53,050  INFO [main] log4j:27 - Getting testdata
2019-10-14 19:30:01,536  INFO [main] Config files:63 - DriverInitiated
2019-10-14 19:30:07,325  INFO [main] log4j:27 - URL opens
2019-10-14 19:30:07,382  INFO [main] log4j:27 - Browser Maximized
2019-10-14 19:30:07,394  INFO [main] log4j:27 - Getting testdata
2019-10-14 19:30:07,396  INFO [main] log4j:27 - Dropdown method starts to perform
2019-10-14 19:30:08,121  INFO [main] log4j:27 - Dropdown method done
2019-10-14 19:30:08,122  INFO [main] log4j:27 - Entering text into text box
2019-10-14 19:30:08,160  INFO [main] log4j:27 - Getting testdata
2019-10-14 19:30:08,277  INFO [main] log4j:27 - positive value is entered
2019-10-14 19:30:08,278  INFO [main] log4j:27 - Click is progressed
2019-10-14 19:30:10,149  INFO [main] log4j:27 - click is done
2019-10-14 19:30:10,149  INFO [main] log4j:27 - Getting text from data
2019-10-14 19:30:10,225  INFO [main] log4j:27 - Getting text from data
2019-10-14 19:30:10,392  INFO [main] Config files:52 - Assertion Starts
2019-10-14 19:30:10,397  INFO [main] Config files:54 - the product were equal
2019-10-14 19:30:10,398  INFO [main] Config files:55 - Assertion ends
2019-10-14 19:30:10,398  INFO [main] log4j:27 - Getting testdata
2019-10-14 19:30:10,399  INFO [main] log4j:27 - Dropdown method starts to perform
2019-10-14 19:30:10,670  INFO [main] log4j:27 - Dropdown method done
2019-10-14 19:30:10,671  INFO [main] log4j:27 - Entering text into text box
2019-10-14 19:30:10,709  INFO [main] log4j:27 - Getting testdata
2019-10-14 19:30:10,780  INFO [main] log4j:27 - negative value is entered
2019-10-14 19:30:10,781  INFO [main] log4j:27 - Click is progressed
2019-10-14 19:30:12,157  INFO [main] log4j:27 - click is done
2019-10-14 19:30:12,157  INFO [main] log4j:27 - Getting text from data
2019-10-14 19:30:12,242  INFO [main] log4j:27 - Getting testdata
2019-10-14 19:30:12,243  INFO [main] Config files:52 - Assertion Starts
2019-10-14 19:30:12,244  INFO [main] Config files:54 - There is no such products try, different search
2019-10-14 19:30:12,244  INFO [main] Config files:55 - Assertion ends
2019-10-14 19:30:12,245  INFO [main] log4j:27 - Getting testdata
2019-10-14 19:30:12,245  INFO [main] log4j:27 - Dropdown method starts to perform
2019-10-14 19:30:12,399  INFO [main] log4j:27 - Dropdown method done
2019-10-14 19:30:12,400  INFO [main] log4j:27 - Entering text into text box
2019-10-14 19:30:12,429  INFO [main] log4j:27 - Getting testdata
2019-10-14 19:30:12,496  INFO [main] log4j:27 - neutral value is entered
2019-10-14 19:30:12,496  INFO [main] log4j:27 - Click is progressed
2019-10-14 19:30:13,761  INFO [main] log4j:27 - click is done
2019-10-14 19:30:13,761  INFO [main] log4j:27 - Getting text from data
2019-10-14 19:30:13,870  INFO [main] Config files:26 - splittext performs
2019-10-14 19:30:13,870  INFO [main] Config files:32 - text splitted
2019-10-14 19:30:13,871  INFO [main] log4j:27 - Getting testdata
2019-10-14 19:30:13,872  INFO [main] Config files:52 - Assertion Starts
2019-10-14 19:30:13,872  INFO [main] Config files:54 - There is no such products try, different search
2019-10-14 19:30:13,873  INFO [main] Config files:55 - Assertion ends
2019-10-14 19:30:15,341  INFO [main] log4j:27 - URL opens
2019-10-14 19:30:15,380  INFO [main] log4j:27 - Browser Maximized
2019-10-14 19:30:15,382  INFO [main] log4j:27 - Click is progressed
2019-10-14 19:30:20,982  INFO [main] log4j:27 - click is done
2019-10-14 19:30:21,005  INFO [main] log4j:27 - Got title from URL
2019-10-14 19:30:21,007  INFO [main] log4j:27 - Scrolls performed
2019-10-14 19:30:21,063  INFO [main] log4j:27 - Scroll done
2019-10-14 19:30:21,063  INFO [main] log4j:27 - Getting Text present in an element
2019-10-14 19:33:56,381  INFO [main] log4j:27 - Getting testdata
2019-10-14 19:33:56,395  INFO [main] log4j:27 - Getting testdata
2019-10-14 19:34:05,779  INFO [main] Config files:63 - DriverInitiated
2019-10-14 19:34:10,875  INFO [main] log4j:27 - URL opens
2019-10-14 19:34:10,941  INFO [main] log4j:27 - Browser Maximized
2019-10-14 19:34:10,951  INFO [main] log4j:27 - Getting testdata
2019-10-14 19:34:10,953  INFO [main] log4j:27 - Dropdown method starts to perform
2019-10-14 19:34:11,520  INFO [main] log4j:27 - Dropdown method done
2019-10-14 19:34:11,521  INFO [main] log4j:27 - Entering text into text box
2019-10-14 19:34:11,559  INFO [main] log4j:27 - Getting testdata
2019-10-14 19:34:11,663  INFO [main] log4j:27 - positive value is entered
2019-10-14 19:34:11,663  INFO [main] log4j:27 - Click is progressed
2019-10-14 19:34:13,819  INFO [main] log4j:27 - click is done
2019-10-14 19:34:13,820  INFO [main] log4j:27 - Getting text from data
2019-10-14 19:34:13,911  INFO [main] log4j:27 - Getting text from data
2019-10-14 19:34:14,139  INFO [main] Config files:52 - Assertion Starts
2019-10-14 19:34:14,157  INFO [main] Config files:54 - the product were equal
2019-10-14 19:34:14,158  INFO [main] Config files:55 - Assertion ends
2019-10-14 19:34:14,158  INFO [main] log4j:27 - Getting testdata
2019-10-14 19:34:14,159  INFO [main] log4j:27 - Dropdown method starts to perform
2019-10-14 19:34:14,333  INFO [main] log4j:27 - Dropdown method done
2019-10-14 19:34:14,334  INFO [main] log4j:27 - Entering text into text box
2019-10-14 19:34:14,369  INFO [main] log4j:27 - Getting testdata
2019-10-14 19:34:14,439  INFO [main] log4j:27 - negative value is entered
2019-10-14 19:34:14,439  INFO [main] log4j:27 - Click is progressed
2019-10-14 19:34:15,671  INFO [main] log4j:27 - click is done
2019-10-14 19:34:15,672  INFO [main] log4j:27 - Getting text from data
2019-10-14 19:34:15,772  INFO [main] log4j:27 - Getting testdata
2019-10-14 19:34:15,772  INFO [main] Config files:52 - Assertion Starts
2019-10-14 19:34:15,773  INFO [main] Config files:54 - There is no such products try, different search
2019-10-14 19:34:15,773  INFO [main] Config files:55 - Assertion ends
2019-10-14 19:34:15,774  INFO [main] log4j:27 - Getting testdata
2019-10-14 19:34:15,774  INFO [main] log4j:27 - Dropdown method starts to perform
2019-10-14 19:34:15,932  INFO [main] log4j:27 - Dropdown method done
2019-10-14 19:34:15,933  INFO [main] log4j:27 - Entering text into text box
2019-10-14 19:34:15,968  INFO [main] log4j:27 - Getting testdata
2019-10-14 19:34:16,042  INFO [main] log4j:27 - neutral value is entered
2019-10-14 19:34:16,042  INFO [main] log4j:27 - Click is progressed
2019-10-14 19:34:17,254  INFO [main] log4j:27 - click is done
2019-10-14 19:34:17,255  INFO [main] log4j:27 - Getting text from data
2019-10-14 19:34:17,349  INFO [main] Config files:26 - splittext performs
2019-10-14 19:34:17,350  INFO [main] Config files:32 - text splitted
2019-10-14 19:34:17,350  INFO [main] log4j:27 - Getting testdata
2019-10-14 19:34:17,352  INFO [main] Config files:52 - Assertion Starts
2019-10-14 19:34:17,352  INFO [main] Config files:54 - There is no such products try, different search
2019-10-14 19:34:17,352  INFO [main] Config files:55 - Assertion ends
2019-10-14 19:34:19,204  INFO [main] log4j:27 - URL opens
2019-10-14 19:34:19,233  INFO [main] log4j:27 - Browser Maximized
2019-10-14 19:34:19,236  INFO [main] log4j:27 - Click is progressed
2019-10-14 19:34:26,370  INFO [main] log4j:27 - click is done
2019-10-14 19:34:26,391  INFO [main] log4j:27 - Got title from URL
2019-10-14 19:34:26,392  INFO [main] log4j:27 - Scrolls performed
2019-10-14 19:34:26,437  INFO [main] log4j:27 - Scroll done
2019-10-14 19:34:26,437  INFO [main] log4j:27 - Getting Text present in an element
2019-10-14 19:34:26,517  INFO [main] log4j:27 - The text is The De'Longhi BCO 410 is a 15 bar espresso/filter coffee machine that will ensure you get the perfect coffee experience, regardless of your tastes. Able to make 10 cups of filter coffee or individual espressos (either via ground coffee or with "Easy Serving Espresso" pods), the BCO 410 is a versatile and high-quality machine. The espresso portion of the machine comes complete with a crema filter holder, adjustable steam emission, removable water reservoir and cup holder. The filter coffee portion of the machine comes complete with a jug warmer to ensure the coffee remains hot after brewing, frontal loading to make the machine incredibly easy to refill (both water and coffee) and a water filtration system to make your coffee taste that much better.
2019-10-14 19:34:26,517  INFO [main] log4j:27 - Getting testdata
2019-10-14 19:34:26,518  INFO [main] log4j:27 - Assertion starts
2019-10-14 19:34:26,518  INFO [main] log4j:27 - The kitchen product description is validated
2019-10-14 19:34:26,519  INFO [main] log4j:27 - Getting Text present in an element
2019-10-14 19:34:26,570  INFO [main] log4j:27 - The text is 
2019-10-14 19:34:26,571  INFO [main] log4j:27 - Getting testdata
2019-10-14 19:34:26,571  INFO [main] log4j:27 - Assertion starts
2019-10-14 19:40:59,531  INFO [main] log4j:27 - Getting testdata
2019-10-14 19:40:59,544  INFO [main] log4j:27 - Getting testdata
2019-10-14 19:41:07,661  INFO [main] Config files:63 - DriverInitiated
2019-10-14 19:41:15,392  INFO [main] log4j:27 - URL opens
2019-10-14 19:41:15,430  INFO [main] log4j:27 - Browser Maximized
2019-10-14 19:41:15,442  INFO [main] log4j:27 - Getting testdata
2019-10-14 19:41:15,446  INFO [main] log4j:27 - Dropdown method starts to perform
2019-10-14 19:41:16,048  INFO [main] log4j:27 - Dropdown method done
2019-10-14 19:41:16,048  INFO [main] log4j:27 - Entering text into text box
2019-10-14 19:41:16,096  INFO [main] log4j:27 - Getting testdata
2019-10-14 19:41:16,246  INFO [main] log4j:27 - positive value is entered
2019-10-14 19:41:16,247  INFO [main] log4j:27 - Click is progressed
2019-10-14 19:41:18,742  INFO [main] log4j:27 - click is done
2019-10-14 19:41:18,743  INFO [main] log4j:27 - Getting text from data
2019-10-14 19:41:18,849  INFO [main] log4j:27 - Getting text from data
2019-10-14 19:41:19,033  INFO [main] Config files:52 - Assertion Starts
2019-10-14 19:41:19,039  INFO [main] Config files:54 - the product were equal
2019-10-14 19:41:19,040  INFO [main] Config files:55 - Assertion ends
2019-10-14 19:41:19,040  INFO [main] log4j:27 - Getting testdata
2019-10-14 19:41:19,041  INFO [main] log4j:27 - Dropdown method starts to perform
2019-10-14 19:41:19,254  INFO [main] log4j:27 - Dropdown method done
2019-10-14 19:41:19,255  INFO [main] log4j:27 - Entering text into text box
2019-10-14 19:41:19,300  INFO [main] log4j:27 - Getting testdata
2019-10-14 19:41:19,389  INFO [main] log4j:27 - negative value is entered
2019-10-14 19:41:19,390  INFO [main] log4j:27 - Click is progressed
2019-10-14 19:41:20,687  INFO [main] log4j:27 - click is done
2019-10-14 19:41:20,688  INFO [main] log4j:27 - Getting text from data
2019-10-14 19:41:20,773  INFO [main] log4j:27 - Getting testdata
2019-10-14 19:41:20,774  INFO [main] Config files:52 - Assertion Starts
2019-10-14 19:41:20,775  INFO [main] Config files:54 - There is no such products try, different search
2019-10-14 19:41:20,775  INFO [main] Config files:55 - Assertion ends
2019-10-14 19:41:20,775  INFO [main] log4j:27 - Getting testdata
2019-10-14 19:41:20,776  INFO [main] log4j:27 - Dropdown method starts to perform
2019-10-14 19:41:20,939  INFO [main] log4j:27 - Dropdown method done
2019-10-14 19:41:20,940  INFO [main] log4j:27 - Entering text into text box
2019-10-14 19:41:20,973  INFO [main] log4j:27 - Getting testdata
2019-10-14 19:41:21,048  INFO [main] log4j:27 - neutral value is entered
2019-10-14 19:41:21,049  INFO [main] log4j:27 - Click is progressed
2019-10-14 19:41:22,118  INFO [main] log4j:27 - click is done
2019-10-14 19:41:22,119  INFO [main] log4j:27 - Getting text from data
2019-10-14 19:41:22,209  INFO [main] Config files:26 - splittext performs
2019-10-14 19:41:22,210  INFO [main] Config files:32 - text splitted
2019-10-14 19:41:22,210  INFO [main] log4j:27 - Getting testdata
2019-10-14 19:41:22,211  INFO [main] Config files:52 - Assertion Starts
2019-10-14 19:41:22,212  INFO [main] Config files:54 - There is no such products try, different search
2019-10-14 19:41:22,212  INFO [main] Config files:55 - Assertion ends
2019-10-14 19:41:25,500  INFO [main] log4j:27 - URL opens
2019-10-14 19:41:25,524  INFO [main] log4j:27 - Browser Maximized
2019-10-14 19:41:25,527  INFO [main] log4j:27 - Click is progressed
2019-10-14 19:41:30,716  INFO [main] log4j:27 - click is done
2019-10-14 19:41:30,733  INFO [main] log4j:27 - Got title from URL
2019-10-14 19:41:30,733  INFO [main] log4j:27 - Scrolls performed
2019-10-14 19:41:30,794  INFO [main] log4j:27 - Scroll done
2019-10-14 19:41:30,794  INFO [main] log4j:27 - Getting Text present in an element
2019-10-14 19:41:30,930  INFO [main] log4j:27 - The text is World's most advanced 7" tablet
1280x800 HD display with polarizing filter and anti-glare technology for rich color and deep contrast from any viewing angle
Exclusive Dolby audio and dual-driver stereo speakers for immersive, virtual surround sound
World's first tablet with dual-band, dual-antenna Wi-Fi for 40% faster downloads and streaming (compared to iPad 3)
High performance 1.2 Ghz dual-core processor with Imagination PowerVR 3D graphics core for fast and fluid performance
2019-10-14 19:41:30,931  INFO [main] log4j:27 - Getting testdata
2019-10-14 19:41:30,932  INFO [main] log4j:27 - Assertion starts
2019-10-14 19:41:30,932  INFO [main] log4j:27 - The kindle product description is validated
2019-10-14 19:41:30,933  INFO [main] log4j:27 - Getting Text present in an element
2019-10-14 19:41:30,995  INFO [main] log4j:27 - The text is 
2019-10-14 19:41:30,996  INFO [main] log4j:27 - Getting testdata
2019-10-14 19:41:30,996  INFO [main] log4j:27 - Assertion starts
2019-10-14 19:43:23,361  INFO [main] log4j:27 - Getting testdata
2019-10-14 19:43:23,374  INFO [main] log4j:27 - Getting testdata
2019-10-14 19:43:34,046  INFO [main] Config files:63 - DriverInitiated
2019-10-14 19:43:41,070  INFO [main] log4j:27 - URL opens
2019-10-14 19:43:46,124  INFO [main] log4j:27 - Browser Maximized
2019-10-14 19:43:46,134  INFO [main] log4j:27 - Getting testdata
2019-10-14 19:43:46,137  INFO [main] log4j:27 - Dropdown method starts to perform
2019-10-14 19:43:46,630  INFO [main] log4j:27 - Dropdown method done
2019-10-14 19:43:46,630  INFO [main] log4j:27 - Entering text into text box
2019-10-14 19:43:46,661  INFO [main] log4j:27 - Getting testdata
2019-10-14 19:43:46,752  INFO [main] log4j:27 - positive value is entered
2019-10-14 19:43:46,752  INFO [main] log4j:27 - Click is progressed
2019-10-14 19:43:49,411  INFO [main] log4j:27 - click is done
2019-10-14 19:43:49,412  INFO [main] log4j:27 - Getting text from data
2019-10-14 19:43:49,495  INFO [main] log4j:27 - Getting text from data
2019-10-14 19:43:49,655  INFO [main] Config files:52 - Assertion Starts
2019-10-14 19:43:49,661  INFO [main] Config files:54 - the product were equal
2019-10-14 19:43:49,661  INFO [main] Config files:55 - Assertion ends
2019-10-14 19:43:49,662  INFO [main] log4j:27 - Getting testdata
2019-10-14 19:43:49,662  INFO [main] log4j:27 - Dropdown method starts to perform
2019-10-14 19:43:49,843  INFO [main] log4j:27 - Dropdown method done
2019-10-14 19:43:49,843  INFO [main] log4j:27 - Entering text into text box
2019-10-14 19:43:49,871  INFO [main] log4j:27 - Getting testdata
2019-10-14 19:43:49,944  INFO [main] log4j:27 - negative value is entered
2019-10-14 19:43:49,945  INFO [main] log4j:27 - Click is progressed
2019-10-14 19:43:50,995  INFO [main] log4j:27 - click is done
2019-10-14 19:43:50,995  INFO [main] log4j:27 - Getting text from data
2019-10-14 19:43:51,093  INFO [main] log4j:27 - Getting testdata
2019-10-14 19:43:51,094  INFO [main] Config files:52 - Assertion Starts
2019-10-14 19:43:51,094  INFO [main] Config files:54 - There is no such products try, different search
2019-10-14 19:43:51,095  INFO [main] Config files:55 - Assertion ends
2019-10-14 19:43:51,095  INFO [main] log4j:27 - Getting testdata
2019-10-14 19:43:51,095  INFO [main] log4j:27 - Dropdown method starts to perform
2019-10-14 19:43:51,245  INFO [main] log4j:27 - Dropdown method done
2019-10-14 19:43:51,245  INFO [main] log4j:27 - Entering text into text box
2019-10-14 19:43:51,281  INFO [main] log4j:27 - Getting testdata
2019-10-14 19:43:51,345  INFO [main] log4j:27 - neutral value is entered
2019-10-14 19:43:51,346  INFO [main] log4j:27 - Click is progressed
2019-10-14 19:43:52,496  INFO [main] log4j:27 - click is done
2019-10-14 19:43:52,496  INFO [main] log4j:27 - Getting text from data
2019-10-14 19:43:52,599  INFO [main] Config files:26 - splittext performs
2019-10-14 19:43:52,599  INFO [main] Config files:32 - text splitted
2019-10-14 19:43:52,600  INFO [main] log4j:27 - Getting testdata
2019-10-14 19:43:52,601  INFO [main] Config files:52 - Assertion Starts
2019-10-14 19:43:52,601  INFO [main] Config files:54 - There is no such products try, different search
2019-10-14 19:43:52,602  INFO [main] Config files:55 - Assertion ends
2019-10-14 19:43:54,118  INFO [main] log4j:27 - URL opens
2019-10-14 19:43:54,152  INFO [main] log4j:27 - Browser Maximized
2019-10-14 19:43:54,154  INFO [main] log4j:27 - Click is progressed
2019-10-14 19:43:59,798  INFO [main] log4j:27 - click is done
2019-10-14 19:43:59,814  INFO [main] log4j:27 - Got title from URL
2019-10-14 19:43:59,814  INFO [main] log4j:27 - Scrolls performed
2019-10-14 19:43:59,847  INFO [main] log4j:27 - Scroll done
2019-10-14 19:43:59,848  INFO [main] log4j:27 - Getting Text present in an element
2019-10-14 19:43:59,913  INFO [main] log4j:27 - Getting testdata
2019-10-14 19:43:59,914  INFO [main] log4j:27 - Assertion starts
2019-10-14 19:43:59,915  INFO [main] log4j:27 - The kindle product description is validated
2019-10-14 19:43:59,915  INFO [main] log4j:27 - Getting Text present in an element
2019-10-14 19:43:59,965  INFO [main] log4j:27 - Getting testdata
2019-10-14 19:43:59,966  INFO [main] log4j:27 - Assertion starts
2019-10-14 19:46:26,693  INFO [main] log4j:27 - Getting testdata
2019-10-14 19:46:26,707  INFO [main] log4j:27 - Getting testdata
2019-10-14 19:46:34,623  INFO [main] Config files:63 - DriverInitiated
2019-10-14 19:46:42,626  INFO [main] log4j:27 - URL opens
2019-10-14 19:46:42,659  INFO [main] log4j:27 - Browser Maximized
2019-10-14 19:46:42,669  INFO [main] log4j:27 - Getting testdata
2019-10-14 19:46:42,671  INFO [main] log4j:27 - Dropdown method starts to perform
2019-10-14 19:46:43,137  INFO [main] log4j:27 - Dropdown method done
2019-10-14 19:46:43,137  INFO [main] log4j:27 - Entering text into text box
2019-10-14 19:46:43,168  INFO [main] log4j:27 - Getting testdata
2019-10-14 19:46:43,258  INFO [main] log4j:27 - positive value is entered
2019-10-14 19:46:43,259  INFO [main] log4j:27 - Click is progressed
2019-10-14 19:46:45,311  INFO [main] log4j:27 - click is done
2019-10-14 19:46:45,312  INFO [main] log4j:27 - Getting text from data
2019-10-14 19:46:45,397  INFO [main] log4j:27 - Getting text from data
2019-10-14 19:46:45,546  INFO [main] Config files:52 - Assertion Starts
2019-10-14 19:46:45,551  INFO [main] Config files:54 - the product were equal
2019-10-14 19:46:45,552  INFO [main] Config files:55 - Assertion ends
2019-10-14 19:46:45,552  INFO [main] log4j:27 - Getting testdata
2019-10-14 19:46:45,553  INFO [main] log4j:27 - Dropdown method starts to perform
2019-10-14 19:46:45,760  INFO [main] log4j:27 - Dropdown method done
2019-10-14 19:46:45,761  INFO [main] log4j:27 - Entering text into text box
2019-10-14 19:46:45,802  INFO [main] log4j:27 - Getting testdata
2019-10-14 19:46:45,888  INFO [main] log4j:27 - negative value is entered
2019-10-14 19:46:45,889  INFO [main] log4j:27 - Click is progressed
2019-10-14 19:46:46,964  INFO [main] log4j:27 - click is done
2019-10-14 19:46:46,964  INFO [main] log4j:27 - Getting text from data
2019-10-14 19:46:47,060  INFO [main] log4j:27 - Getting testdata
2019-10-14 19:46:47,061  INFO [main] Config files:52 - Assertion Starts
2019-10-14 19:46:47,062  INFO [main] Config files:54 - There is no such products try, different search
2019-10-14 19:46:47,062  INFO [main] Config files:55 - Assertion ends
2019-10-14 19:46:47,063  INFO [main] log4j:27 - Getting testdata
2019-10-14 19:46:47,063  INFO [main] log4j:27 - Dropdown method starts to perform
2019-10-14 19:46:47,201  INFO [main] log4j:27 - Dropdown method done
2019-10-14 19:46:47,201  INFO [main] log4j:27 - Entering text into text box
2019-10-14 19:46:47,231  INFO [main] log4j:27 - Getting testdata
2019-10-14 19:46:47,295  INFO [main] log4j:27 - neutral value is entered
2019-10-14 19:46:47,296  INFO [main] log4j:27 - Click is progressed
2019-10-14 19:46:48,386  INFO [main] log4j:27 - click is done
2019-10-14 19:46:48,386  INFO [main] log4j:27 - Getting text from data
2019-10-14 19:46:48,489  INFO [main] Config files:26 - splittext performs
2019-10-14 19:46:48,490  INFO [main] Config files:32 - text splitted
2019-10-14 19:46:48,490  INFO [main] log4j:27 - Getting testdata
2019-10-14 19:46:48,492  INFO [main] Config files:52 - Assertion Starts
2019-10-14 19:46:48,492  INFO [main] Config files:54 - There is no such products try, different search
2019-10-14 19:46:48,492  INFO [main] Config files:55 - Assertion ends
2019-10-14 19:46:50,947  INFO [main] log4j:27 - URL opens
2019-10-14 19:46:50,971  INFO [main] log4j:27 - Browser Maximized
2019-10-14 19:46:50,973  INFO [main] log4j:27 - Click is progressed
2019-10-14 19:46:55,909  INFO [main] log4j:27 - click is done
2019-10-14 19:46:55,926  INFO [main] log4j:27 - Got title from URL
2019-10-14 19:46:55,927  INFO [main] log4j:27 - Scrolls performed
2019-10-14 19:46:55,967  INFO [main] log4j:27 - Scroll done
2019-10-14 19:46:55,967  INFO [main] log4j:27 - Getting Text present in an element
2019-10-14 19:46:56,039  INFO [main] log4j:27 - Getting testdata
2019-10-14 19:46:56,040  INFO [main] log4j:27 - Assertion starts
2019-10-14 19:46:56,041  INFO [main] log4j:27 - The kitchen product description is validated
2019-10-14 19:46:56,041  INFO [main] log4j:27 - Click is progressed
2019-10-14 19:46:56,042  INFO [main] log4j:27 - Enter correct locator
2019-10-14 19:47:25,217  INFO [main] log4j:27 - Getting testdata
2019-10-14 19:47:25,229  INFO [main] log4j:27 - Getting testdata
2019-10-14 19:47:33,255  INFO [main] Config files:63 - DriverInitiated
2019-10-14 19:47:38,898  INFO [main] log4j:27 - URL opens
2019-10-14 19:47:38,948  INFO [main] log4j:27 - Browser Maximized
2019-10-14 19:47:38,960  INFO [main] log4j:27 - Getting testdata
2019-10-14 19:47:38,963  INFO [main] log4j:27 - Dropdown method starts to perform
2019-10-14 19:47:39,475  INFO [main] log4j:27 - Dropdown method done
2019-10-14 19:47:39,475  INFO [main] log4j:27 - Entering text into text box
2019-10-14 19:47:39,509  INFO [main] log4j:27 - Getting testdata
2019-10-14 19:47:39,598  INFO [main] log4j:27 - positive value is entered
2019-10-14 19:47:39,598  INFO [main] log4j:27 - Click is progressed
2019-10-14 19:47:41,120  INFO [main] log4j:27 - click is done
2019-10-14 19:47:41,121  INFO [main] log4j:27 - Getting text from data
2019-10-14 19:47:41,197  INFO [main] log4j:27 - Getting text from data
2019-10-14 19:47:41,323  INFO [main] Config files:52 - Assertion Starts
2019-10-14 19:47:41,329  INFO [main] Config files:54 - the product were equal
2019-10-14 19:47:41,329  INFO [main] Config files:55 - Assertion ends
2019-10-14 19:47:41,329  INFO [main] log4j:27 - Getting testdata
2019-10-14 19:47:41,330  INFO [main] log4j:27 - Dropdown method starts to perform
2019-10-14 19:47:41,502  INFO [main] log4j:27 - Dropdown method done
2019-10-14 19:47:41,503  INFO [main] log4j:27 - Entering text into text box
2019-10-14 19:47:41,534  INFO [main] log4j:27 - Getting testdata
2019-10-14 19:47:41,600  INFO [main] log4j:27 - negative value is entered
2019-10-14 19:47:41,600  INFO [main] log4j:27 - Click is progressed
2019-10-14 19:47:42,646  INFO [main] log4j:27 - click is done
2019-10-14 19:47:42,646  INFO [main] log4j:27 - Getting text from data
2019-10-14 19:47:42,757  INFO [main] log4j:27 - Getting testdata
2019-10-14 19:47:42,758  INFO [main] Config files:52 - Assertion Starts
2019-10-14 19:47:42,759  INFO [main] Config files:54 - There is no such products try, different search
2019-10-14 19:47:42,759  INFO [main] Config files:55 - Assertion ends
2019-10-14 19:47:42,760  INFO [main] log4j:27 - Getting testdata
2019-10-14 19:47:42,760  INFO [main] log4j:27 - Dropdown method starts to perform
2019-10-14 19:47:42,902  INFO [main] log4j:27 - Dropdown method done
2019-10-14 19:47:42,903  INFO [main] log4j:27 - Entering text into text box
2019-10-14 19:47:42,933  INFO [main] log4j:27 - Getting testdata
2019-10-14 19:47:42,993  INFO [main] log4j:27 - neutral value is entered
2019-10-14 19:47:42,993  INFO [main] log4j:27 - Click is progressed
2019-10-14 19:47:44,181  INFO [main] log4j:27 - click is done
2019-10-14 19:47:44,181  INFO [main] log4j:27 - Getting text from data
2019-10-14 19:47:44,356  INFO [main] Config files:26 - splittext performs
2019-10-14 19:47:44,356  INFO [main] Config files:32 - text splitted
2019-10-14 19:47:44,357  INFO [main] log4j:27 - Getting testdata
2019-10-14 19:47:44,359  INFO [main] Config files:52 - Assertion Starts
2019-10-14 19:47:44,360  INFO [main] Config files:54 - There is no such products try, different search
2019-10-14 19:47:44,360  INFO [main] Config files:55 - Assertion ends
2019-10-14 19:47:45,740  INFO [main] log4j:27 - URL opens
2019-10-14 19:47:45,767  INFO [main] log4j:27 - Browser Maximized
2019-10-14 19:47:45,770  INFO [main] log4j:27 - Click is progressed
2019-10-14 19:47:51,477  INFO [main] log4j:27 - click is done
2019-10-14 19:47:51,497  INFO [main] log4j:27 - Got title from URL
2019-10-14 19:47:51,497  INFO [main] log4j:27 - Scrolls performed
2019-10-14 19:47:51,546  INFO [main] log4j:27 - Scroll done
2019-10-14 19:47:51,547  INFO [main] log4j:27 - Getting Text present in an element
2019-10-14 19:47:51,626  INFO [main] log4j:27 - Getting testdata
2019-10-14 19:47:51,627  INFO [main] log4j:27 - Assertion starts
2019-10-14 19:47:51,628  INFO [main] log4j:27 - The kitchen product description is validated
2019-10-14 19:47:51,628  INFO [main] log4j:27 - Click is progressed
2019-10-14 19:47:51,938  INFO [main] log4j:27 - click is done
2019-10-14 19:47:51,939  INFO [main] log4j:27 - Getting Text present in an element
2019-10-14 19:47:51,997  INFO [main] log4j:27 - Getting testdata
2019-10-14 19:47:51,998  INFO [main] log4j:27 - Assertion starts
2019-10-14 19:47:51,998  INFO [main] log4j:27 - The kitchen product specification is validated
